{"/home/isdev/Documents/uni/IS-Progetto/UrbanShirt/sviluppo/implementation/api/server.js": {"path":"/home/isdev/Documents/uni/IS-Progetto/UrbanShirt/sviluppo/implementation/api/server.js","statementMap":{"0":{"start":{"line":1,"column":15},"end":{"line":1,"column":41}},"1":{"start":{"line":2,"column":16},"end":{"line":2,"column":34}},"2":{"start":{"line":3,"column":12},"end":{"line":3,"column":21}},"3":{"start":{"line":6,"column":20},"end":{"line":6,"column":45}},"4":{"start":{"line":7,"column":19},"end":{"line":7,"column":43}},"5":{"start":{"line":9,"column":17},"end":{"line":9,"column":36}},"6":{"start":{"line":10,"column":0},"end":{"line":10,"column":24}},"7":{"start":{"line":13,"column":0},"end":{"line":13,"column":26}},"8":{"start":{"line":14,"column":0},"end":{"line":14,"column":25}},"9":{"start":{"line":17,"column":0},"end":{"line":17,"column":20}},"10":{"start":{"line":18,"column":20},"end":{"line":18,"column":33}},"11":{"start":{"line":21,"column":0},"end":{"line":29,"column":3}},"12":{"start":{"line":25,"column":4},"end":{"line":25,"column":89}},"13":{"start":{"line":26,"column":4},"end":{"line":28,"column":7}},"14":{"start":{"line":27,"column":8},"end":{"line":27,"column":72}},"15":{"start":{"line":33,"column":0},"end":{"line":35,"column":2}},"16":{"start":{"line":34,"column":4},"end":{"line":34,"column":56}},"17":{"start":{"line":37,"column":0},"end":{"line":39,"column":2}},"18":{"start":{"line":38,"column":4},"end":{"line":38,"column":55}},"19":{"start":{"line":41,"column":0},"end":{"line":43,"column":2}},"20":{"start":{"line":42,"column":4},"end":{"line":42,"column":52}},"21":{"start":{"line":45,"column":0},"end":{"line":47,"column":2}},"22":{"start":{"line":46,"column":4},"end":{"line":46,"column":52}},"23":{"start":{"line":49,"column":0},"end":{"line":51,"column":2}},"24":{"start":{"line":50,"column":4},"end":{"line":50,"column":65}},"25":{"start":{"line":53,"column":0},"end":{"line":55,"column":2}},"26":{"start":{"line":54,"column":4},"end":{"line":54,"column":63}},"27":{"start":{"line":57,"column":0},"end":{"line":59,"column":2}},"28":{"start":{"line":58,"column":4},"end":{"line":58,"column":57}},"29":{"start":{"line":61,"column":0},"end":{"line":63,"column":2}},"30":{"start":{"line":62,"column":4},"end":{"line":62,"column":56}},"31":{"start":{"line":65,"column":0},"end":{"line":67,"column":2}},"32":{"start":{"line":66,"column":4},"end":{"line":66,"column":56}},"33":{"start":{"line":69,"column":0},"end":{"line":69,"column":21}}},"fnMap":{"0":{"name":"(anonymous_0)","decl":{"start":{"line":24,"column":7},"end":{"line":24,"column":8}},"loc":{"start":{"line":24,"column":13},"end":{"line":29,"column":1}},"line":24},"1":{"name":"(anonymous_1)","decl":{"start":{"line":26,"column":33},"end":{"line":26,"column":34}},"loc":{"start":{"line":26,"column":39},"end":{"line":28,"column":5}},"line":26},"2":{"name":"(anonymous_2)","decl":{"start":{"line":33,"column":13},"end":{"line":33,"column":14}},"loc":{"start":{"line":33,"column":33},"end":{"line":35,"column":1}},"line":33},"3":{"name":"(anonymous_3)","decl":{"start":{"line":37,"column":25},"end":{"line":37,"column":26}},"loc":{"start":{"line":37,"column":45},"end":{"line":39,"column":1}},"line":37},"4":{"name":"(anonymous_4)","decl":{"start":{"line":41,"column":22},"end":{"line":41,"column":23}},"loc":{"start":{"line":41,"column":42},"end":{"line":43,"column":1}},"line":41},"5":{"name":"(anonymous_5)","decl":{"start":{"line":45,"column":22},"end":{"line":45,"column":23}},"loc":{"start":{"line":45,"column":42},"end":{"line":47,"column":1}},"line":45},"6":{"name":"(anonymous_6)","decl":{"start":{"line":49,"column":35},"end":{"line":49,"column":36}},"loc":{"start":{"line":49,"column":55},"end":{"line":51,"column":1}},"line":49},"7":{"name":"(anonymous_7)","decl":{"start":{"line":53,"column":33},"end":{"line":53,"column":34}},"loc":{"start":{"line":53,"column":53},"end":{"line":55,"column":1}},"line":53},"8":{"name":"(anonymous_8)","decl":{"start":{"line":57,"column":27},"end":{"line":57,"column":28}},"loc":{"start":{"line":57,"column":47},"end":{"line":59,"column":1}},"line":57},"9":{"name":"(anonymous_9)","decl":{"start":{"line":61,"column":26},"end":{"line":61,"column":27}},"loc":{"start":{"line":61,"column":46},"end":{"line":63,"column":1}},"line":61},"10":{"name":"(anonymous_10)","decl":{"start":{"line":65,"column":26},"end":{"line":65,"column":27}},"loc":{"start":{"line":65,"column":46},"end":{"line":67,"column":1}},"line":65}},"branchMap":{},"s":{"0":1,"1":1,"2":1,"3":1,"4":1,"5":1,"6":1,"7":1,"8":1,"9":1,"10":1,"11":1,"12":1,"13":1,"14":1,"15":1,"16":0,"17":1,"18":0,"19":1,"20":0,"21":1,"22":0,"23":1,"24":0,"25":1,"26":0,"27":1,"28":0,"29":1,"30":0,"31":1,"32":0,"33":1},"f":{"0":1,"1":1,"2":0,"3":0,"4":0,"5":0,"6":0,"7":0,"8":0,"9":0,"10":0},"b":{},"_coverageSchema":"1a1c01bbd47fc00a2c39e90264f33305004495a9","hash":"a018387ec1f1fedb2d34710891c280158ce5a7b0"}
,"/home/isdev/Documents/uni/IS-Progetto/UrbanShirt/sviluppo/implementation/api/tokenChecker.js": {"path":"/home/isdev/Documents/uni/IS-Progetto/UrbanShirt/sviluppo/implementation/api/tokenChecker.js","statementMap":{"0":{"start":{"line":1,"column":12},"end":{"line":1,"column":35}},"1":{"start":{"line":3,"column":21},"end":{"line":24,"column":1}},"2":{"start":{"line":4,"column":13},"end":{"line":4,"column":79}},"3":{"start":{"line":6,"column":1},"end":{"line":11,"column":2}},"4":{"start":{"line":7,"column":2},"end":{"line":10,"column":5}},"5":{"start":{"line":13,"column":1},"end":{"line":23,"column":4}},"6":{"start":{"line":14,"column":2},"end":{"line":22,"column":3}},"7":{"start":{"line":15,"column":3},"end":{"line":18,"column":6}},"8":{"start":{"line":20,"column":3},"end":{"line":20,"column":28}},"9":{"start":{"line":21,"column":3},"end":{"line":21,"column":10}},"10":{"start":{"line":26,"column":0},"end":{"line":26,"column":30}}},"fnMap":{"0":{"name":"(anonymous_0)","decl":{"start":{"line":3,"column":21},"end":{"line":3,"column":22}},"loc":{"start":{"line":3,"column":46},"end":{"line":24,"column":1}},"line":3},"1":{"name":"(anonymous_1)","decl":{"start":{"line":13,"column":44},"end":{"line":13,"column":45}},"loc":{"start":{"line":13,"column":67},"end":{"line":23,"column":2}},"line":13}},"branchMap":{"0":{"loc":{"start":{"line":4,"column":13},"end":{"line":4,"column":79}},"type":"binary-expr","locations":[{"start":{"line":4,"column":13},"end":{"line":4,"column":27}},{"start":{"line":4,"column":31},"end":{"line":4,"column":46}},{"start":{"line":4,"column":50},"end":{"line":4,"column":79}}],"line":4},"1":{"loc":{"start":{"line":6,"column":1},"end":{"line":11,"column":2}},"type":"if","locations":[{"start":{"line":6,"column":1},"end":{"line":11,"column":2}},{"start":{},"end":{}}],"line":6},"2":{"loc":{"start":{"line":14,"column":2},"end":{"line":22,"column":3}},"type":"if","locations":[{"start":{"line":14,"column":2},"end":{"line":22,"column":3}},{"start":{"line":19,"column":9},"end":{"line":22,"column":3}}],"line":14}},"s":{"0":1,"1":1,"2":0,"3":0,"4":0,"5":0,"6":0,"7":0,"8":0,"9":0,"10":1},"f":{"0":0,"1":0},"b":{"0":[0,0,0],"1":[0,0],"2":[0,0]},"_coverageSchema":"1a1c01bbd47fc00a2c39e90264f33305004495a9","hash":"b1b3226a5ddc99f43343be446998909714bc591e"}
,"/home/isdev/Documents/uni/IS-Progetto/UrbanShirt/sviluppo/implementation/api/controllers/shirt.js": {"path":"/home/isdev/Documents/uni/IS-Progetto/UrbanShirt/sviluppo/implementation/api/controllers/shirt.js","statementMap":{"0":{"start":{"line":1,"column":21},"end":{"line":1,"column":55}},"1":{"start":{"line":2,"column":23},"end":{"line":2,"column":59}},"2":{"start":{"line":6,"column":25},"end":{"line":13,"column":1}},"3":{"start":{"line":7,"column":4},"end":{"line":12,"column":6}},"4":{"start":{"line":8,"column":8},"end":{"line":10,"column":9}},"5":{"start":{"line":9,"column":12},"end":{"line":9,"column":78}},"6":{"start":{"line":11,"column":8},"end":{"line":11,"column":42}},"7":{"start":{"line":16,"column":33},"end":{"line":26,"column":1}},"8":{"start":{"line":17,"column":21},"end":{"line":17,"column":42}},"9":{"start":{"line":19,"column":4},"end":{"line":25,"column":6}},"10":{"start":{"line":20,"column":8},"end":{"line":24,"column":9}},"11":{"start":{"line":21,"column":12},"end":{"line":21,"column":78}},"12":{"start":{"line":23,"column":12},"end":{"line":23,"column":46}},"13":{"start":{"line":29,"column":27},"end":{"line":36,"column":1}},"14":{"start":{"line":30,"column":4},"end":{"line":35,"column":6}},"15":{"start":{"line":31,"column":8},"end":{"line":33,"column":9}},"16":{"start":{"line":32,"column":12},"end":{"line":32,"column":78}},"17":{"start":{"line":34,"column":8},"end":{"line":34,"column":42}},"18":{"start":{"line":39,"column":35},"end":{"line":52,"column":1}},"19":{"start":{"line":40,"column":21},"end":{"line":40,"column":42}},"20":{"start":{"line":42,"column":4},"end":{"line":51,"column":6}},"21":{"start":{"line":46,"column":12},"end":{"line":50,"column":13}},"22":{"start":{"line":47,"column":16},"end":{"line":47,"column":82}},"23":{"start":{"line":49,"column":16},"end":{"line":49,"column":50}},"24":{"start":{"line":55,"column":27},"end":{"line":74,"column":1}},"25":{"start":{"line":56,"column":21},"end":{"line":56,"column":34}},"26":{"start":{"line":57,"column":15},"end":{"line":57,"column":32}},"27":{"start":{"line":59,"column":4},"end":{"line":73,"column":7}},"28":{"start":{"line":60,"column":8},"end":{"line":72,"column":9}},"29":{"start":{"line":61,"column":12},"end":{"line":61,"column":85}},"30":{"start":{"line":62,"column":15},"end":{"line":72,"column":9}},"31":{"start":{"line":63,"column":12},"end":{"line":63,"column":81}},"32":{"start":{"line":65,"column":12},"end":{"line":71,"column":15}},"33":{"start":{"line":66,"column":16},"end":{"line":70,"column":17}},"34":{"start":{"line":67,"column":20},"end":{"line":67,"column":104}},"35":{"start":{"line":69,"column":20},"end":{"line":69,"column":73}},"36":{"start":{"line":77,"column":23},"end":{"line":85,"column":1}},"37":{"start":{"line":78,"column":4},"end":{"line":84,"column":6}},"38":{"start":{"line":79,"column":8},"end":{"line":83,"column":9}},"39":{"start":{"line":80,"column":12},"end":{"line":80,"column":84}},"40":{"start":{"line":82,"column":12},"end":{"line":82,"column":46}},"41":{"start":{"line":88,"column":32},"end":{"line":96,"column":1}},"42":{"start":{"line":89,"column":4},"end":{"line":95,"column":6}},"43":{"start":{"line":90,"column":8},"end":{"line":94,"column":9}},"44":{"start":{"line":91,"column":12},"end":{"line":91,"column":94}},"45":{"start":{"line":93,"column":12},"end":{"line":93,"column":52}},"46":{"start":{"line":99,"column":34},"end":{"line":107,"column":1}},"47":{"start":{"line":100,"column":4},"end":{"line":106,"column":6}},"48":{"start":{"line":101,"column":8},"end":{"line":105,"column":9}},"49":{"start":{"line":102,"column":12},"end":{"line":102,"column":96}},"50":{"start":{"line":104,"column":12},"end":{"line":104,"column":52}},"51":{"start":{"line":111,"column":0},"end":{"line":120,"column":2}}},"fnMap":{"0":{"name":"(anonymous_0)","decl":{"start":{"line":6,"column":25},"end":{"line":6,"column":26}},"loc":{"start":{"line":6,"column":39},"end":{"line":13,"column":1}},"line":6},"1":{"name":"(anonymous_1)","decl":{"start":{"line":7,"column":26},"end":{"line":7,"column":27}},"loc":{"start":{"line":7,"column":41},"end":{"line":12,"column":5}},"line":7},"2":{"name":"(anonymous_2)","decl":{"start":{"line":16,"column":33},"end":{"line":16,"column":34}},"loc":{"start":{"line":16,"column":47},"end":{"line":26,"column":1}},"line":16},"3":{"name":"(anonymous_3)","decl":{"start":{"line":19,"column":77},"end":{"line":19,"column":78}},"loc":{"start":{"line":19,"column":92},"end":{"line":25,"column":5}},"line":19},"4":{"name":"(anonymous_4)","decl":{"start":{"line":29,"column":27},"end":{"line":29,"column":28}},"loc":{"start":{"line":29,"column":41},"end":{"line":36,"column":1}},"line":29},"5":{"name":"(anonymous_5)","decl":{"start":{"line":30,"column":42},"end":{"line":30,"column":43}},"loc":{"start":{"line":30,"column":57},"end":{"line":35,"column":5}},"line":30},"6":{"name":"(anonymous_6)","decl":{"start":{"line":39,"column":35},"end":{"line":39,"column":36}},"loc":{"start":{"line":39,"column":49},"end":{"line":52,"column":1}},"line":39},"7":{"name":"(anonymous_7)","decl":{"start":{"line":45,"column":12},"end":{"line":45,"column":13}},"loc":{"start":{"line":45,"column":27},"end":{"line":51,"column":5}},"line":45},"8":{"name":"(anonymous_8)","decl":{"start":{"line":55,"column":27},"end":{"line":55,"column":28}},"loc":{"start":{"line":55,"column":41},"end":{"line":74,"column":1}},"line":55},"9":{"name":"(anonymous_9)","decl":{"start":{"line":59,"column":47},"end":{"line":59,"column":48}},"loc":{"start":{"line":59,"column":62},"end":{"line":73,"column":5}},"line":59},"10":{"name":"(anonymous_10)","decl":{"start":{"line":65,"column":100},"end":{"line":65,"column":101}},"loc":{"start":{"line":65,"column":115},"end":{"line":71,"column":13}},"line":65},"11":{"name":"(anonymous_11)","decl":{"start":{"line":77,"column":23},"end":{"line":77,"column":24}},"loc":{"start":{"line":77,"column":37},"end":{"line":85,"column":1}},"line":77},"12":{"name":"(anonymous_12)","decl":{"start":{"line":78,"column":48},"end":{"line":78,"column":49}},"loc":{"start":{"line":78,"column":63},"end":{"line":84,"column":5}},"line":78},"13":{"name":"(anonymous_13)","decl":{"start":{"line":88,"column":32},"end":{"line":88,"column":33}},"loc":{"start":{"line":88,"column":46},"end":{"line":96,"column":1}},"line":88},"14":{"name":"(anonymous_14)","decl":{"start":{"line":89,"column":59},"end":{"line":89,"column":60}},"loc":{"start":{"line":89,"column":74},"end":{"line":95,"column":5}},"line":89},"15":{"name":"(anonymous_15)","decl":{"start":{"line":99,"column":34},"end":{"line":99,"column":35}},"loc":{"start":{"line":99,"column":48},"end":{"line":107,"column":1}},"line":99},"16":{"name":"(anonymous_16)","decl":{"start":{"line":100,"column":61},"end":{"line":100,"column":62}},"loc":{"start":{"line":100,"column":76},"end":{"line":106,"column":5}},"line":100}},"branchMap":{"0":{"loc":{"start":{"line":8,"column":8},"end":{"line":10,"column":9}},"type":"if","locations":[{"start":{"line":8,"column":8},"end":{"line":10,"column":9}},{"start":{},"end":{}}],"line":8},"1":{"loc":{"start":{"line":8,"column":12},"end":{"line":8,"column":44}},"type":"binary-expr","locations":[{"start":{"line":8,"column":12},"end":{"line":8,"column":15}},{"start":{"line":8,"column":19},"end":{"line":8,"column":24}},{"start":{"line":8,"column":28},"end":{"line":8,"column":44}}],"line":8},"2":{"loc":{"start":{"line":20,"column":8},"end":{"line":24,"column":9}},"type":"if","locations":[{"start":{"line":20,"column":8},"end":{"line":24,"column":9}},{"start":{"line":22,"column":15},"end":{"line":24,"column":9}}],"line":20},"3":{"loc":{"start":{"line":20,"column":12},"end":{"line":20,"column":44}},"type":"binary-expr","locations":[{"start":{"line":20,"column":12},"end":{"line":20,"column":15}},{"start":{"line":20,"column":19},"end":{"line":20,"column":24}},{"start":{"line":20,"column":28},"end":{"line":20,"column":44}}],"line":20},"4":{"loc":{"start":{"line":31,"column":8},"end":{"line":33,"column":9}},"type":"if","locations":[{"start":{"line":31,"column":8},"end":{"line":33,"column":9}},{"start":{},"end":{}}],"line":31},"5":{"loc":{"start":{"line":31,"column":12},"end":{"line":31,"column":44}},"type":"binary-expr","locations":[{"start":{"line":31,"column":12},"end":{"line":31,"column":15}},{"start":{"line":31,"column":19},"end":{"line":31,"column":24}},{"start":{"line":31,"column":28},"end":{"line":31,"column":44}}],"line":31},"6":{"loc":{"start":{"line":46,"column":12},"end":{"line":50,"column":13}},"type":"if","locations":[{"start":{"line":46,"column":12},"end":{"line":50,"column":13}},{"start":{"line":48,"column":19},"end":{"line":50,"column":13}}],"line":46},"7":{"loc":{"start":{"line":46,"column":16},"end":{"line":46,"column":48}},"type":"binary-expr","locations":[{"start":{"line":46,"column":16},"end":{"line":46,"column":19}},{"start":{"line":46,"column":23},"end":{"line":46,"column":28}},{"start":{"line":46,"column":32},"end":{"line":46,"column":48}}],"line":46},"8":{"loc":{"start":{"line":60,"column":8},"end":{"line":72,"column":9}},"type":"if","locations":[{"start":{"line":60,"column":8},"end":{"line":72,"column":9}},{"start":{"line":62,"column":15},"end":{"line":72,"column":9}}],"line":60},"9":{"loc":{"start":{"line":60,"column":12},"end":{"line":60,"column":44}},"type":"binary-expr","locations":[{"start":{"line":60,"column":12},"end":{"line":60,"column":15}},{"start":{"line":60,"column":19},"end":{"line":60,"column":24}},{"start":{"line":60,"column":28},"end":{"line":60,"column":44}}],"line":60},"10":{"loc":{"start":{"line":62,"column":15},"end":{"line":72,"column":9}},"type":"if","locations":[{"start":{"line":62,"column":15},"end":{"line":72,"column":9}},{"start":{"line":64,"column":15},"end":{"line":72,"column":9}}],"line":62},"11":{"loc":{"start":{"line":66,"column":16},"end":{"line":70,"column":17}},"type":"if","locations":[{"start":{"line":66,"column":16},"end":{"line":70,"column":17}},{"start":{"line":68,"column":23},"end":{"line":70,"column":17}}],"line":66},"12":{"loc":{"start":{"line":66,"column":20},"end":{"line":66,"column":32}},"type":"binary-expr","locations":[{"start":{"line":66,"column":20},"end":{"line":66,"column":23}},{"start":{"line":66,"column":27},"end":{"line":66,"column":32}}],"line":66},"13":{"loc":{"start":{"line":79,"column":8},"end":{"line":83,"column":9}},"type":"if","locations":[{"start":{"line":79,"column":8},"end":{"line":83,"column":9}},{"start":{"line":81,"column":15},"end":{"line":83,"column":9}}],"line":79},"14":{"loc":{"start":{"line":79,"column":12},"end":{"line":79,"column":44}},"type":"binary-expr","locations":[{"start":{"line":79,"column":12},"end":{"line":79,"column":15}},{"start":{"line":79,"column":19},"end":{"line":79,"column":24}},{"start":{"line":79,"column":28},"end":{"line":79,"column":44}}],"line":79},"15":{"loc":{"start":{"line":90,"column":8},"end":{"line":94,"column":9}},"type":"if","locations":[{"start":{"line":90,"column":8},"end":{"line":94,"column":9}},{"start":{"line":92,"column":15},"end":{"line":94,"column":9}}],"line":90},"16":{"loc":{"start":{"line":90,"column":12},"end":{"line":90,"column":44}},"type":"binary-expr","locations":[{"start":{"line":90,"column":12},"end":{"line":90,"column":15}},{"start":{"line":90,"column":19},"end":{"line":90,"column":24}},{"start":{"line":90,"column":28},"end":{"line":90,"column":44}}],"line":90},"17":{"loc":{"start":{"line":101,"column":8},"end":{"line":105,"column":9}},"type":"if","locations":[{"start":{"line":101,"column":8},"end":{"line":105,"column":9}},{"start":{"line":103,"column":15},"end":{"line":105,"column":9}}],"line":101},"18":{"loc":{"start":{"line":101,"column":12},"end":{"line":101,"column":44}},"type":"binary-expr","locations":[{"start":{"line":101,"column":12},"end":{"line":101,"column":15}},{"start":{"line":101,"column":19},"end":{"line":101,"column":24}},{"start":{"line":101,"column":28},"end":{"line":101,"column":44}}],"line":101}},"s":{"0":1,"1":1,"2":1,"3":2,"4":2,"5":1,"6":1,"7":1,"8":3,"9":3,"10":3,"11":2,"12":1,"13":1,"14":2,"15":2,"16":0,"17":2,"18":1,"19":3,"20":3,"21":3,"22":1,"23":2,"24":1,"25":0,"26":0,"27":0,"28":0,"29":0,"30":0,"31":0,"32":0,"33":0,"34":0,"35":0,"36":1,"37":0,"38":0,"39":0,"40":0,"41":1,"42":3,"43":3,"44":1,"45":2,"46":1,"47":3,"48":3,"49":1,"50":2,"51":1},"f":{"0":2,"1":2,"2":3,"3":3,"4":2,"5":2,"6":3,"7":3,"8":0,"9":0,"10":0,"11":0,"12":0,"13":3,"14":3,"15":3,"16":3},"b":{"0":[1,1],"1":[2,2,2],"2":[2,1],"3":[3,3,3],"4":[0,2],"5":[2,2,2],"6":[1,2],"7":[3,3,3],"8":[0,0],"9":[0,0,0],"10":[0,0],"11":[0,0],"12":[0,0],"13":[0,0],"14":[0,0,0],"15":[1,2],"16":[3,3,2],"17":[1,2],"18":[3,3,2]},"_coverageSchema":"1a1c01bbd47fc00a2c39e90264f33305004495a9","hash":"d2b7887c6d6846a6004db3f759d05c40275b4f9e"}
,"/home/isdev/Documents/uni/IS-Progetto/UrbanShirt/sviluppo/implementation/api/controllers/user.js": {"path":"/home/isdev/Documents/uni/IS-Progetto/UrbanShirt/sviluppo/implementation/api/controllers/user.js","statementMap":{"0":{"start":{"line":1,"column":13},"end":{"line":1,"column":38}},"1":{"start":{"line":2,"column":15},"end":{"line":2,"column":41}},"2":{"start":{"line":3,"column":12},"end":{"line":3,"column":35}},"3":{"start":{"line":7,"column":20},"end":{"line":15,"column":1}},"4":{"start":{"line":8,"column":4},"end":{"line":14,"column":6}},"5":{"start":{"line":9,"column":8},"end":{"line":13,"column":9}},"6":{"start":{"line":10,"column":12},"end":{"line":10,"column":76}},"7":{"start":{"line":12,"column":12},"end":{"line":12,"column":46}},"8":{"start":{"line":18,"column":21},"end":{"line":47,"column":1}},"9":{"start":{"line":19,"column":19},"end":{"line":19,"column":89}},"10":{"start":{"line":21,"column":4},"end":{"line":46,"column":6}},"11":{"start":{"line":22,"column":8},"end":{"line":45,"column":9}},"12":{"start":{"line":23,"column":12},"end":{"line":23,"column":72}},"13":{"start":{"line":24,"column":15},"end":{"line":45,"column":9}},"14":{"start":{"line":25,"column":12},"end":{"line":25,"column":72}},"15":{"start":{"line":26,"column":15},"end":{"line":45,"column":9}},"16":{"start":{"line":27,"column":12},"end":{"line":27,"column":172}},"17":{"start":{"line":29,"column":28},"end":{"line":37,"column":14}},"18":{"start":{"line":39,"column":12},"end":{"line":44,"column":14}},"19":{"start":{"line":40,"column":16},"end":{"line":42,"column":17}},"20":{"start":{"line":41,"column":20},"end":{"line":41,"column":80}},"21":{"start":{"line":43,"column":16},"end":{"line":43,"column":50}},"22":{"start":{"line":50,"column":14},"end":{"line":62,"column":1}},"23":{"start":{"line":51,"column":4},"end":{"line":61,"column":6}},"24":{"start":{"line":52,"column":8},"end":{"line":54,"column":9}},"25":{"start":{"line":53,"column":12},"end":{"line":53,"column":84}},"26":{"start":{"line":56,"column":22},"end":{"line":56,"column":103}},"27":{"start":{"line":57,"column":20},"end":{"line":57,"column":62}},"28":{"start":{"line":59,"column":8},"end":{"line":60,"column":52}},"29":{"start":{"line":65,"column":0},"end":{"line":69,"column":2}}},"fnMap":{"0":{"name":"(anonymous_0)","decl":{"start":{"line":7,"column":20},"end":{"line":7,"column":21}},"loc":{"start":{"line":7,"column":34},"end":{"line":15,"column":1}},"line":7},"1":{"name":"(anonymous_1)","decl":{"start":{"line":8,"column":50},"end":{"line":8,"column":51}},"loc":{"start":{"line":8,"column":71},"end":{"line":14,"column":5}},"line":8},"2":{"name":"(anonymous_2)","decl":{"start":{"line":18,"column":21},"end":{"line":18,"column":22}},"loc":{"start":{"line":18,"column":35},"end":{"line":47,"column":1}},"line":18},"3":{"name":"(anonymous_3)","decl":{"start":{"line":21,"column":50},"end":{"line":21,"column":51}},"loc":{"start":{"line":21,"column":65},"end":{"line":46,"column":5}},"line":21},"4":{"name":"(anonymous_4)","decl":{"start":{"line":39,"column":25},"end":{"line":39,"column":26}},"loc":{"start":{"line":39,"column":40},"end":{"line":44,"column":13}},"line":39},"5":{"name":"(anonymous_5)","decl":{"start":{"line":50,"column":14},"end":{"line":50,"column":15}},"loc":{"start":{"line":50,"column":28},"end":{"line":62,"column":1}},"line":50},"6":{"name":"(anonymous_6)","decl":{"start":{"line":51,"column":50},"end":{"line":51,"column":51}},"loc":{"start":{"line":51,"column":65},"end":{"line":61,"column":5}},"line":51}},"branchMap":{"0":{"loc":{"start":{"line":9,"column":8},"end":{"line":13,"column":9}},"type":"if","locations":[{"start":{"line":9,"column":8},"end":{"line":13,"column":9}},{"start":{"line":11,"column":15},"end":{"line":13,"column":9}}],"line":9},"1":{"loc":{"start":{"line":9,"column":12},"end":{"line":9,"column":44}},"type":"binary-expr","locations":[{"start":{"line":9,"column":12},"end":{"line":9,"column":15}},{"start":{"line":9,"column":19},"end":{"line":9,"column":24}},{"start":{"line":9,"column":28},"end":{"line":9,"column":44}}],"line":9},"2":{"loc":{"start":{"line":22,"column":8},"end":{"line":45,"column":9}},"type":"if","locations":[{"start":{"line":22,"column":8},"end":{"line":45,"column":9}},{"start":{"line":24,"column":15},"end":{"line":45,"column":9}}],"line":22},"3":{"loc":{"start":{"line":24,"column":15},"end":{"line":45,"column":9}},"type":"if","locations":[{"start":{"line":24,"column":15},"end":{"line":45,"column":9}},{"start":{"line":26,"column":15},"end":{"line":45,"column":9}}],"line":24},"4":{"loc":{"start":{"line":26,"column":15},"end":{"line":45,"column":9}},"type":"if","locations":[{"start":{"line":26,"column":15},"end":{"line":45,"column":9}},{"start":{"line":28,"column":15},"end":{"line":45,"column":9}}],"line":26},"5":{"loc":{"start":{"line":40,"column":16},"end":{"line":42,"column":17}},"type":"if","locations":[{"start":{"line":40,"column":16},"end":{"line":42,"column":17}},{"start":{},"end":{}}],"line":40},"6":{"loc":{"start":{"line":52,"column":8},"end":{"line":54,"column":9}},"type":"if","locations":[{"start":{"line":52,"column":8},"end":{"line":54,"column":9}},{"start":{},"end":{}}],"line":52},"7":{"loc":{"start":{"line":52,"column":12},"end":{"line":52,"column":55}},"type":"binary-expr","locations":[{"start":{"line":52,"column":12},"end":{"line":52,"column":17}},{"start":{"line":52,"column":21},"end":{"line":52,"column":55}}],"line":52}},"s":{"0":1,"1":1,"2":1,"3":1,"4":0,"5":0,"6":0,"7":0,"8":1,"9":0,"10":0,"11":0,"12":0,"13":0,"14":0,"15":0,"16":0,"17":0,"18":0,"19":0,"20":0,"21":0,"22":1,"23":0,"24":0,"25":0,"26":0,"27":0,"28":0,"29":1},"f":{"0":0,"1":0,"2":0,"3":0,"4":0,"5":0,"6":0},"b":{"0":[0,0],"1":[0,0,0],"2":[0,0],"3":[0,0],"4":[0,0],"5":[0,0],"6":[0,0],"7":[0,0]},"_coverageSchema":"1a1c01bbd47fc00a2c39e90264f33305004495a9","hash":"14670c8e754399fe8f851a970ffde0ea14d2d29c"}
,"/home/isdev/Documents/uni/IS-Progetto/UrbanShirt/sviluppo/implementation/api/models/community-shirt.js": {"path":"/home/isdev/Documents/uni/IS-Progetto/UrbanShirt/sviluppo/implementation/api/models/community-shirt.js","statementMap":{"0":{"start":{"line":1,"column":17},"end":{"line":1,"column":36}},"1":{"start":{"line":3,"column":29},"end":{"line":14,"column":2}},"2":{"start":{"line":16,"column":23},"end":{"line":16,"column":77}},"3":{"start":{"line":17,"column":0},"end":{"line":17,"column":32}}},"fnMap":{},"branchMap":{},"s":{"0":1,"1":1,"2":1,"3":1},"f":{},"b":{},"_coverageSchema":"1a1c01bbd47fc00a2c39e90264f33305004495a9","hash":"6738970c70fadb7e9f264fb1947188a46d1aca8e"}
,"/home/isdev/Documents/uni/IS-Progetto/UrbanShirt/sviluppo/implementation/api/models/company-shirt.js": {"path":"/home/isdev/Documents/uni/IS-Progetto/UrbanShirt/sviluppo/implementation/api/models/company-shirt.js","statementMap":{"0":{"start":{"line":1,"column":17},"end":{"line":1,"column":36}},"1":{"start":{"line":3,"column":27},"end":{"line":9,"column":2}},"2":{"start":{"line":11,"column":21},"end":{"line":11,"column":71}},"3":{"start":{"line":12,"column":0},"end":{"line":12,"column":30}}},"fnMap":{},"branchMap":{},"s":{"0":1,"1":1,"2":1,"3":1},"f":{},"b":{},"_coverageSchema":"1a1c01bbd47fc00a2c39e90264f33305004495a9","hash":"fe86a0a468f3b0638fe7cee10859e2c8bae7dbb3"}
,"/home/isdev/Documents/uni/IS-Progetto/UrbanShirt/sviluppo/implementation/api/models/user.js": {"path":"/home/isdev/Documents/uni/IS-Progetto/UrbanShirt/sviluppo/implementation/api/models/user.js","statementMap":{"0":{"start":{"line":1,"column":17},"end":{"line":1,"column":36}},"1":{"start":{"line":3,"column":19},"end":{"line":11,"column":2}},"2":{"start":{"line":13,"column":13},"end":{"line":13,"column":47}},"3":{"start":{"line":14,"column":0},"end":{"line":14,"column":22}}},"fnMap":{},"branchMap":{},"s":{"0":1,"1":1,"2":1,"3":1},"f":{},"b":{},"_coverageSchema":"1a1c01bbd47fc00a2c39e90264f33305004495a9","hash":"be84adf0c6e507d4b1637676700a572a6b4edebc"}
,"/home/isdev/Documents/uni/IS-Progetto/UrbanShirt/sviluppo/implementation/api/routes/shirt.js": {"path":"/home/isdev/Documents/uni/IS-Progetto/UrbanShirt/sviluppo/implementation/api/routes/shirt.js","statementMap":{"0":{"start":{"line":1,"column":19},"end":{"line":1,"column":37}},"1":{"start":{"line":2,"column":16},"end":{"line":2,"column":34}},"2":{"start":{"line":4,"column":15},"end":{"line":4,"column":31}},"3":{"start":{"line":5,"column":24},"end":{"line":5,"column":55}},"4":{"start":{"line":8,"column":21},"end":{"line":8,"column":50}},"5":{"start":{"line":11,"column":18},"end":{"line":11,"column":47}},"6":{"start":{"line":12,"column":24},"end":{"line":12,"column":50}},"7":{"start":{"line":15,"column":0},"end":{"line":15,"column":41}},"8":{"start":{"line":16,"column":0},"end":{"line":16,"column":58}},"9":{"start":{"line":18,"column":0},"end":{"line":18,"column":66}},"10":{"start":{"line":19,"column":0},"end":{"line":19,"column":94}},"11":{"start":{"line":21,"column":0},"end":{"line":21,"column":70}},"12":{"start":{"line":22,"column":0},"end":{"line":22,"column":98}},"13":{"start":{"line":24,"column":0},"end":{"line":24,"column":62}},"14":{"start":{"line":26,"column":0},"end":{"line":26,"column":80}},"15":{"start":{"line":27,"column":0},"end":{"line":27,"column":84}},"16":{"start":{"line":30,"column":0},"end":{"line":30,"column":49}},"17":{"start":{"line":31,"column":0},"end":{"line":31,"column":71}},"18":{"start":{"line":33,"column":0},"end":{"line":33,"column":24}}},"fnMap":{},"branchMap":{},"s":{"0":1,"1":1,"2":1,"3":1,"4":1,"5":1,"6":1,"7":1,"8":1,"9":1,"10":1,"11":1,"12":1,"13":1,"14":1,"15":1,"16":1,"17":1,"18":1},"f":{},"b":{},"_coverageSchema":"1a1c01bbd47fc00a2c39e90264f33305004495a9","hash":"a4bdfb554fac48dd99e40642521b549608f35278"}
,"/home/isdev/Documents/uni/IS-Progetto/UrbanShirt/sviluppo/implementation/api/routes/user.js": {"path":"/home/isdev/Documents/uni/IS-Progetto/UrbanShirt/sviluppo/implementation/api/routes/user.js","statementMap":{"0":{"start":{"line":1,"column":19},"end":{"line":1,"column":37}},"1":{"start":{"line":2,"column":16},"end":{"line":2,"column":34}},"2":{"start":{"line":4,"column":15},"end":{"line":4,"column":31}},"3":{"start":{"line":5,"column":23},"end":{"line":5,"column":53}},"4":{"start":{"line":8,"column":18},"end":{"line":8,"column":47}},"5":{"start":{"line":9,"column":24},"end":{"line":9,"column":50}},"6":{"start":{"line":12,"column":0},"end":{"line":12,"column":41}},"7":{"start":{"line":13,"column":0},"end":{"line":13,"column":58}},"8":{"start":{"line":15,"column":0},"end":{"line":15,"column":65}},"9":{"start":{"line":16,"column":0},"end":{"line":16,"column":58}},"10":{"start":{"line":17,"column":0},"end":{"line":17,"column":44}},"11":{"start":{"line":20,"column":0},"end":{"line":20,"column":24}}},"fnMap":{},"branchMap":{},"s":{"0":1,"1":1,"2":1,"3":1,"4":1,"5":1,"6":1,"7":1,"8":1,"9":1,"10":1,"11":1},"f":{},"b":{},"_coverageSchema":"1a1c01bbd47fc00a2c39e90264f33305004495a9","hash":"9fc2be70846874ce8d2f413c3b17e1e19fb007bc"}
}
